<?xml version="1.0" encoding="UTF-8"?>
<!-- Generated by org.testng.reporters.JUnitXMLReporter -->
<testsuite hostname="LAPTOP-02EF66VJ" ignored="0" name="TestModuleOne" tests="4" failures="0" timestamp="2023-03-14T11:38:51 IST" time="61.083" errors="0">
  <testcase name="loginTest" time="7.147" classname="testScript.ProductStorePageTest"/>
  <testcase name="addMulItemtoCart" time="14.65" classname="testScript.ProductStorePageTest"/>
  <testcase name="deleteanItemTest" time="20.12" classname="testScript.ProductStorePageTest"/>
  <testcase name="placeAnOrderTest" time="7.43" classname="testScript.ProductStorePageTest"/>
</testsuite> <!-- TestModuleOne -->
