<?xml version="1.0" encoding="UTF-8"?>
<!-- Generated by org.testng.reporters.JUnitXMLReporter -->
<testsuite hostname="LAPTOP-02EF66VJ" ignored="0" name="TestModuleOne" tests="4" failures="0" timestamp="2023-03-10T21:03:51 IST" time="53.407" errors="0">
  <testcase name="loginTest" time="5.779" classname="testScript.ProductStorePageTest"/>
  <testcase name="addMulItemtoCart" time="13.5" classname="testScript.ProductStorePageTest"/>
  <testcase name="deleteanItemTest" time="19.697" classname="testScript.ProductStorePageTest"/>
  <testcase name="placeAnOrderTest" time="7.859" classname="testScript.ProductStorePageTest"/>
</testsuite> <!-- TestModuleOne -->
