<?xml version="1.0" encoding="UTF-8"?>
<!-- Generated by org.testng.reporters.JUnitXMLReporter -->
<testsuite hostname="LAPTOP-02EF66VJ" ignored="0" name="TestModuleOne" tests="4" failures="0" timestamp="2023-03-14T09:27:04 IST" time="55.293" errors="0">
  <testcase name="loginTest" time="6.971" classname="testScript.ProductStorePageTest"/>
  <testcase name="addMulItemtoCart" time="12.546" classname="testScript.ProductStorePageTest"/>
  <testcase name="deleteanItemTest" time="21.349" classname="testScript.ProductStorePageTest"/>
  <testcase name="placeAnOrderTest" time="7.37" classname="testScript.ProductStorePageTest"/>
</testsuite> <!-- TestModuleOne -->
